2025-12-28 04:50:37 - [INFO] - Переходим по ссылке https://avito-tech-internship-psi.vercel.app/  - (WebPage.py:26)
2025-12-28 04:50:38 - [INFO] - Кликаем по элементу <//*[text()='Создать задачу']>  - (WebElement.py:94)
2025-12-28 04:50:38 - [INFO] - Проверяем, что элемент <.MuiBox-root.css-1epuubg> виден  - (WebElement.py:67)
2025-12-28 04:50:38 - [INFO] - Переходим по ссылке https://avito-tech-internship-psi.vercel.app/  - (WebPage.py:26)
2025-12-28 04:50:38 - [INFO] - Кликаем по элементу <//*[text()='Создать задачу']>  - (WebElement.py:94)
2025-12-28 04:50:39 - [INFO] - Вводим текст UI Task test : 2025-12-28 04:50:38.946114, iuvkla в элемент <.MuiInputBase-input.MuiOutlinedInput-input.css-1pk1fka>  - (WebElement.py:53)
2025-12-28 04:50:39 - [INFO] - Вводим текст Description uxrrnggm в элемент <(//*[@class='MuiInputBase-input MuiOutlinedInput-input MuiInputBase-inputMultiline css-s63k3s'])[1]>  - (WebElement.py:53)
2025-12-28 04:50:39 - [INFO] - Кликаем по элементу <(//*[contains(@class, 'MuiSelect-select')])[3]>  - (WebElement.py:94)
2025-12-28 04:50:39 - [INFO] - Кликаем по элементу <(//*[@class='MuiButtonBase-root MuiMenuItem-root MuiMenuItem-gutters MuiMenuItem-root MuiMenuItem-gutters css-5dycmn'])[1]>  - (WebElement.py:94)
2025-12-28 04:50:40 - [INFO] - Кликаем по элементу <(//*[contains(@class, 'MuiSelect-select')])[4]>  - (WebElement.py:94)
2025-12-28 04:50:40 - [INFO] - Кликаем по элементу <(//*[@class='MuiButtonBase-root MuiMenuItem-root MuiMenuItem-gutters MuiMenuItem-root MuiMenuItem-gutters css-5dycmn'])[1]>  - (WebElement.py:94)
2025-12-28 04:50:40 - [INFO] - Кликаем по элементу <(//*[contains(@class, 'MuiSelect-select')])[6]>  - (WebElement.py:94)
2025-12-28 04:50:41 - [INFO] - Кликаем по элементу <(//*[@class='MuiButtonBase-root MuiMenuItem-root MuiMenuItem-gutters MuiMenuItem-root MuiMenuItem-gutters css-5dycmn'])[1]>  - (WebElement.py:94)
2025-12-28 04:50:41 - [INFO] - Кликаем по элементу <//*[text()='Создать']>  - (WebElement.py:94)
2025-12-28 04:50:41 - [INFO] - Вводим текст UI Task test : 2025-12-28 04:50:38.946114, iuvkla в элемент <//*[@placeholder='Поиск']>  - (WebElement.py:53)
2025-12-28 04:50:41 - [INFO] - Получаем тексты элементов <.MuiTypography-root.MuiTypography-subtitle1.css-12sszql>  - (WebElement.py:168)
2025-12-28 04:50:42 - [INFO] - Переходим по ссылке https://avito-tech-internship-psi.vercel.app/  - (WebPage.py:26)
2025-12-28 04:50:43 - [INFO] - Вводим текст Адаптация карточки для мобильных устройств в элемент <//*[@placeholder='Поиск']>  - (WebElement.py:53)
2025-12-28 04:50:43 - [INFO] - Проверяем, что все элементы <.MuiTypography-root.MuiTypography-subtitle1.css-12sszql> видны  - (WebElement.py:176)
2025-12-28 04:50:43 - [INFO] - Получаем тексты элементов <.MuiTypography-root.MuiTypography-subtitle1.css-12sszql>  - (WebElement.py:168)
2025-12-28 04:50:43 - [INFO] - Переходим по ссылке https://avito-tech-internship-psi.vercel.app/  - (WebPage.py:26)
2025-12-28 04:50:43 - [INFO] - Вводим текст Оптимизация загрузки медиа-контента в элемент <//*[@placeholder='Поиск']>  - (WebElement.py:53)
2025-12-28 04:50:44 - [INFO] - Проверяем, что все элементы <.MuiTypography-root.MuiTypography-subtitle1.css-12sszql> видны  - (WebElement.py:176)
2025-12-28 04:50:44 - [INFO] - Получаем тексты элементов <.MuiTypography-root.MuiTypography-subtitle1.css-12sszql>  - (WebElement.py:168)
2025-12-28 04:50:44 - [INFO] - Переходим по ссылке https://avito-tech-internship-psi.vercel.app/  - (WebPage.py:26)
2025-12-28 04:50:44 - [INFO] - Вводим текст Добавление микроанимаций интерфейса в элемент <//*[@placeholder='Поиск']>  - (WebElement.py:53)
2025-12-28 04:50:44 - [INFO] - Проверяем, что все элементы <.MuiTypography-root.MuiTypography-subtitle1.css-12sszql> видны  - (WebElement.py:176)
2025-12-28 04:50:44 - [INFO] - Получаем тексты элементов <.MuiTypography-root.MuiTypography-subtitle1.css-12sszql>  - (WebElement.py:168)
2025-12-28 04:50:44 - [INFO] - Переходим по ссылке https://avito-tech-internship-psi.vercel.app/  - (WebPage.py:26)
2025-12-28 04:50:45 - [INFO] - Вводим текст Адаптация карточ в элемент <//*[@placeholder='Поиск']>  - (WebElement.py:53)
2025-12-28 04:50:45 - [INFO] - Проверяем, что все элементы <.MuiTypography-root.MuiTypography-subtitle1.css-12sszql> видны  - (WebElement.py:176)
2025-12-28 04:50:45 - [INFO] - Получаем тексты элементов <.MuiTypography-root.MuiTypography-subtitle1.css-12sszql>  - (WebElement.py:168)
2025-12-28 04:50:45 - [INFO] - Переходим по ссылке https://avito-tech-internship-psi.vercel.app/  - (WebPage.py:26)
2025-12-28 04:50:45 - [INFO] - Вводим текст Оптимизация заг в элемент <//*[@placeholder='Поиск']>  - (WebElement.py:53)
2025-12-28 04:50:46 - [INFO] - Проверяем, что все элементы <.MuiTypography-root.MuiTypography-subtitle1.css-12sszql> видны  - (WebElement.py:176)
2025-12-28 04:50:46 - [INFO] - Получаем тексты элементов <.MuiTypography-root.MuiTypography-subtitle1.css-12sszql>  - (WebElement.py:168)
2025-12-28 04:50:46 - [INFO] - Переходим по ссылке https://avito-tech-internship-psi.vercel.app/  - (WebPage.py:26)
2025-12-28 04:50:46 - [INFO] - Вводим текст Добавление микроан в элемент <//*[@placeholder='Поиск']>  - (WebElement.py:53)
2025-12-28 04:50:46 - [INFO] - Проверяем, что все элементы <.MuiTypography-root.MuiTypography-subtitle1.css-12sszql> видны  - (WebElement.py:176)
2025-12-28 04:50:46 - [INFO] - Получаем тексты элементов <.MuiTypography-root.MuiTypography-subtitle1.css-12sszql>  - (WebElement.py:168)
2025-12-28 04:50:47 - [INFO] - Переходим по ссылке https://avito-tech-internship-psi.vercel.app/  - (WebPage.py:26)
2025-12-28 04:50:47 - [INFO] - Вводим текст testtesttesttesttesttesttesttesttesttesttesttesttesttesttesttesttesttesttesttesttesttesttesttesttesttesttesttesttesttesttesttesttesttesttesttesttesttesttesttesttesttesttesttesttesttesttesttesttesttesttesttesttesttesttesttesttesttesttesttesttesttesttesttesttesttesttesttesttesttesttesttesttesttesttesttesttesttesttesttesttesttesttesttesttesttesttesttesttesttesttesttesttesttesttesttesttesttesttesttest в элемент <//*[@placeholder='Поиск']>  - (WebElement.py:53)
2025-12-28 04:50:47 - [INFO] - Проверяем, что элемент <//*[text()='Задачи не найдены']> виден  - (WebElement.py:67)
2025-12-28 04:50:47 - [INFO] - Переходим по ссылке https://avito-tech-internship-psi.vercel.app/  - (WebPage.py:26)
2025-12-28 04:50:48 - [INFO] - Вводим текст              в элемент <//*[@placeholder='Поиск']>  - (WebElement.py:53)
2025-12-28 04:50:48 - [INFO] - Проверяем, что элемент <//*[text()='Задачи не найдены']> виден  - (WebElement.py:67)
2025-12-28 04:50:48 - [INFO] - Переходим по ссылке https://avito-tech-internship-psi.vercel.app/  - (WebPage.py:26)
2025-12-28 04:50:48 - [INFO] - Вводим текст Илья Романов в элемент <//*[@placeholder='Поиск']>  - (WebElement.py:53)
2025-12-28 04:50:49 - [INFO] - Проверяем, что все элементы <.MuiTypography-root.MuiTypography-subtitle1.css-12sszql> видны  - (WebElement.py:176)
2025-12-28 04:50:49 - [INFO] - Получаем тексты элементов <.MuiTypography-root.MuiTypography-subtitle1.css-12sszql>  - (WebElement.py:168)
2025-12-28 04:50:49 - [INFO] - Переходим по ссылке https://avito-tech-internship-psi.vercel.app/  - (WebPage.py:26)
2025-12-28 04:50:49 - [INFO] - Вводим текст Ольга Новикова в элемент <//*[@placeholder='Поиск']>  - (WebElement.py:53)
2025-12-28 04:50:49 - [INFO] - Проверяем, что все элементы <.MuiTypography-root.MuiTypography-subtitle1.css-12sszql> видны  - (WebElement.py:176)
2025-12-28 04:50:49 - [INFO] - Получаем тексты элементов <.MuiTypography-root.MuiTypography-subtitle1.css-12sszql>  - (WebElement.py:168)
2025-12-28 04:50:49 - [INFO] - Переходим по ссылке https://avito-tech-internship-psi.vercel.app/  - (WebPage.py:26)
2025-12-28 04:50:50 - [INFO] - Вводим текст test_invalid_task_name в элемент <//*[@placeholder='Поиск']>  - (WebElement.py:53)
2025-12-28 04:50:50 - [INFO] - Проверяем, что все элементы <.MuiTypography-root.MuiTypography-subtitle1.css-12sszql> не видны  - (WebElement.py:190)
2025-12-28 04:50:50 - [INFO] - Проверяем, что элемент <//*[text()='Задачи не найдены']> виден  - (WebElement.py:67)
2025-12-28 04:50:50 - [INFO] - Переходим по ссылке https://avito-tech-internship-psi.vercel.app/  - (WebPage.py:26)
2025-12-28 04:50:51 - [INFO] - Вводим текст ДоБаВлЕНие МикроАнимаций в элемент <//*[@placeholder='Поиск']>  - (WebElement.py:53)
2025-12-28 04:50:51 - [INFO] - Проверяем, что все элементы <.MuiTypography-root.MuiTypography-subtitle1.css-12sszql> видны  - (WebElement.py:176)
2025-12-28 04:50:51 - [INFO] - Получаем тексты элементов <.MuiTypography-root.MuiTypography-subtitle1.css-12sszql>  - (WebElement.py:168)
2025-12-28 04:50:51 - [INFO] - Переходим по ссылке https://avito-tech-internship-psi.vercel.app/  - (WebPage.py:26)
2025-12-28 04:50:51 - [INFO] - Вводим текст ОптИмиЗация ЗагрУзКи в элемент <//*[@placeholder='Поиск']>  - (WebElement.py:53)
2025-12-28 04:50:52 - [INFO] - Проверяем, что все элементы <.MuiTypography-root.MuiTypography-subtitle1.css-12sszql> видны  - (WebElement.py:176)
2025-12-28 04:50:52 - [INFO] - Получаем тексты элементов <.MuiTypography-root.MuiTypography-subtitle1.css-12sszql>  - (WebElement.py:168)
2025-12-28 04:50:52 - [INFO] - Переходим по ссылке https://avito-tech-internship-psi.vercel.app/  - (WebPage.py:26)
2025-12-28 04:50:52 - [INFO] - Вводим текст Тестовый запрос в элемент <//*[@placeholder='Поиск']>  - (WebElement.py:53)
2025-12-28 04:50:52 - [INFO] - Получаем значение атрибута value у элемента <//*[@placeholder='Поиск']>  - (WebElement.py:86)
2025-12-28 04:50:52 - [INFO] - Кликаем по элементу <.MuiButtonBase-root.MuiIconButton-root.MuiIconButton-sizeSmall.css-xz9haa>  - (WebElement.py:94)
2025-12-28 04:50:53 - [INFO] - Получаем значение атрибута value у элемента <//*[@placeholder='Поиск']>  - (WebElement.py:86)
